2025-06-03 12:43:30.035 INFO  [main][PortalContextLoaderListener:123] JVM arguments: -Djava.util.logging.config.file=/opt/liferay/tomcat/conf/logging.properties -Djava.util.logging.manager=org.apache.juli.ClassLoaderLogManager -Djdk.tls.ephemeralDHKeySize=2048 -Djava.protocol.handler.pkgs=org.apache.catalina.webresources -Dorg.apache.catalina.security.SecurityListener.UMASK=0027 -Dfile.encoding=UTF-8 -Djava.locale.providers=JRE,COMPAT,CLDR -Djava.net.preferIPv4Stack=true -Duser.timezone=GMT -Xms2560m -Xmx2560m -XX:MaxNewSize=1536m -XX:MaxMetaspaceSize=768m -XX:MetaspaceSize=768m -XX:NewSize=1536m -XX:SurvivorRatio=7 -Dignore.endorsed.dirs= -Dcatalina.base=/opt/liferay/tomcat -Dcatalina.home=/opt/liferay/tomcat -Djava.io.tmpdir=/opt/liferay/tomcat/temp
2025-06-03 12:43:43.620 INFO  [main][DialectDetector:153] Using dialect org.hibernate.dialect.MySQL8Dialect for MySQL 8.0
2025-06-03 12:43:43.706 INFO  [main][DBInitUtil:141] Create tables and populate with default data
2025-06-03 12:44:04.471 INFO  [main][ModuleFrameworkImpl:1238] Starting initial bundles
2025-06-03 12:44:06.705 INFO  [ModuleFramework-Static-Bundles-3][InterpolationConfigurationPlugin:109] Configured directory for secrets: /opt/liferay/osgi/configs
2025-06-03 12:44:10.246 INFO  [main][ModuleFrameworkImpl:1535] Started initial bundles
2025-06-03 12:44:10.247 INFO  [main][ModuleFrameworkImpl:1584] Starting dynamic bundles
2025-06-03 12:44:32.466 INFO  [main][ModuleFrameworkImpl:1606] Started dynamic bundles
2025-06-03 12:44:32.467 INFO  [main][ModuleFrameworkImpl:1613] Starting web bundles
2025-06-03 12:44:36.669 INFO  [main][ModuleFrameworkImpl:1667] Started web bundles
2025-06-03 12:44:36.670 INFO  [main][ModuleFrameworkImpl:253] Navigate to Control Panel > System > Gogo Shell and enter "lb" to see all bundles
2025-06-03 12:44:40.335 WARN  [main][SidecarManager:103] Liferay automatically starts a child process of Elasticsearch named sidecar for convenient development and demonstration purposes. Do NOT use sidecar in production. Refer to the documentation for details on the limitations of sidecar and instructions on configuring a remote Elasticsearch connection in the Control Panel.
2025-06-03 12:45:00.442 INFO  [main][Sidecar:119] Sidecar Elasticsearch liferay started at 127.0.0.1:9201
2025-06-03 12:45:09.743 INFO  [main][StartupHelperUtil:81] There are no patches installed
2025-06-03 12:45:10.561 INFO  [main][LoggingTimer:83] Starting com.liferay.portal.events.StartupHelperUtil#initResourceActions
2025-06-03 12:45:10.894 INFO  [main][LoggingTimer:44] Completed com.liferay.portal.events.StartupHelperUtil#initResourceActions in 333 ms
2025-06-03 12:45:10.911 INFO  [main][VerifyProcess:76] Verifying com.liferay.portal.verify.VerifyProperties
2025-06-03 12:45:10.912 INFO  [main][LoggingTimer:83] Starting com.liferay.portal.verify.VerifyProperties#verifySystemProperties
2025-06-03 12:45:10.913 INFO  [main][LoggingTimer:44] Completed com.liferay.portal.verify.VerifyProperties#verifySystemProperties in 1 ms
2025-06-03 12:45:10.914 INFO  [main][LoggingTimer:83] Starting com.liferay.portal.verify.VerifyProperties#verifyPortalProperties
2025-06-03 12:45:10.932 INFO  [main][LoggingTimer:44] Completed com.liferay.portal.verify.VerifyProperties#verifyPortalProperties in 18 ms
2025-06-03 12:45:10.933 INFO  [main][LoggingTimer:83] Starting com.liferay.portal.verify.VerifyProperties#verifyDocumentLibrary
2025-06-03 12:45:10.933 INFO  [main][LoggingTimer:44] Completed com.liferay.portal.verify.VerifyProperties#verifyDocumentLibrary in 1 ms
2025-06-03 12:45:10.934 INFO  [main][VerifyProcess:89] Completed verification process com.liferay.portal.verify.VerifyProperties in 25 ms
2025-06-03 12:45:10.937 INFO  [main][VerifyProcess:76] Verifying com.liferay.portal.verify.VerifyGroup
2025-06-03 12:45:10.938 INFO  [main][LoggingTimer:83] Starting com.liferay.portal.verify.VerifyGroup#verifyStagedGroups
2025-06-03 12:45:11.117 INFO  [main][LoggingTimer:44] Completed com.liferay.portal.verify.VerifyGroup#verifyStagedGroups in 179 ms
2025-06-03 12:45:11.118 INFO  [main][VerifyProcess:89] Completed verification process com.liferay.portal.verify.VerifyGroup in 181 ms
2025-06-03 12:45:11.121 INFO  [main][VerifyProcess:76] Verifying com.liferay.portal.verify.VerifyResourcePermissions
2025-06-03 12:45:11.136 INFO  [main][VerifyProcess:89] Completed verification process com.liferay.portal.verify.VerifyResourcePermissions in 15 ms
2025-06-03 12:45:12.175 INFO  [main][AutoDeployDir:176] Auto deploy scanner started for /opt/liferay/deploy
2025-06-03 12:45:15.745 WARN  [liferay/mail-3][MailMessageListener:140] Email test@domain.invalid will be ignored because it is included in mail.send.blacklist
2025-06-03 12:45:15.746 WARN  [liferay/mail-3][MailMessageListener:53] Skipping email because the sender is not specified
2025-06-03 12:45:27.505 INFO  [main][UpgradeProcess:97] Upgrading com.liferay.portal.configuration.persistence.internal.upgrade.v1_0_0.UpgradeConfigurationPid
2025-06-03 12:45:27.563 INFO  [main][UpgradeProcess:112] Completed upgrade process com.liferay.portal.configuration.persistence.internal.upgrade.v1_0_0.UpgradeConfigurationPid in 59 ms
2025-06-03 12:45:27.966 INFO  [main][UpgradeProcess:97] Upgrading com.liferay.portal.security.sso.token.internal.upgrade.v2_0_0.TokenConfigurationUpgradeProcess
2025-06-03 12:45:27.981 INFO  [main][UpgradeProcess:112] Completed upgrade process com.liferay.portal.security.sso.token.internal.upgrade.v2_0_0.TokenConfigurationUpgradeProcess in 16 ms
2025-06-03 12:45:28.276 INFO  [main][UpgradeProcess:97] Upgrading com.liferay.portal.security.audit.storage.internal.upgrade.AuditStorageServiceUpgrade$1
2025-06-03 12:45:28.280 INFO  [main][UpgradeProcess:112] Completed upgrade process com.liferay.portal.security.audit.storage.internal.upgrade.AuditStorageServiceUpgrade$1 in 4 ms
2025-06-03 12:45:30.577 INFO  [main][UpgradeProcess:97] Upgrading com.liferay.analytics.settings.web.internal.upgrade.v1_0_0.AnalyticsConfigurationPreferencesUpgradeProcess
2025-06-03 12:45:30.579 INFO  [main][UpgradeProcess:112] Completed upgrade process com.liferay.analytics.settings.web.internal.upgrade.v1_0_0.AnalyticsConfigurationPreferencesUpgradeProcess in 2 ms
2025-06-03 12:45:30.598 INFO  [main][UpgradeProcess:97] Upgrading com.liferay.analytics.settings.web.internal.upgrade.v1_0_1.AnalyticsConfigurationPreferencesUpgradeProcess
2025-06-03 12:45:30.599 INFO  [main][UpgradeProcess:112] Completed upgrade process com.liferay.analytics.settings.web.internal.upgrade.v1_0_1.AnalyticsConfigurationPreferencesUpgradeProcess in 2 ms
2025-06-03 12:45:30.802 INFO  [main][UpgradeProcess:97] Upgrading com.liferay.portal.security.ldap.internal.upgrade.v1_0_0.LDAPSystemConfigurationsUpgradeProcess
2025-06-03 12:45:30.804 INFO  [main][UpgradeProcess:112] Completed upgrade process com.liferay.portal.security.ldap.internal.upgrade.v1_0_0.LDAPSystemConfigurationsUpgradeProcess in 2 ms
2025-06-03 12:45:31.075 INFO  [main][UpgradeProcess:97] Upgrading com.liferay.dynamic.data.mapping.form.web.internal.upgrade.v1_0_0.UpgradeDDMFormAdminPortletId
2025-06-03 12:45:31.077 INFO  [main][LoggingTimer:83] Starting com.liferay.portal.kernel.upgrade.BasePortletIdUpgradeProcess#upgradeInstanceablePortletIds
2025-06-03 12:45:31.108 INFO  [main][LoggingTimer:44] Completed com.liferay.portal.kernel.upgrade.BasePortletIdUpgradeProcess#upgradeInstanceablePortletIds in 31 ms
2025-06-03 12:45:31.109 INFO  [main][LoggingTimer:83] Starting com.liferay.portal.kernel.upgrade.BasePortletIdUpgradeProcess#upgradeUninstanceablePortletIds
2025-06-03 12:45:31.110 INFO  [main][LoggingTimer:44] Completed com.liferay.portal.kernel.upgrade.BasePortletIdUpgradeProcess#upgradeUninstanceablePortletIds in 1 ms
2025-06-03 12:45:31.111 INFO  [main][UpgradeProcess:112] Completed upgrade process com.liferay.dynamic.data.mapping.form.web.internal.upgrade.v1_0_0.UpgradeDDMFormAdminPortletId in 36 ms
2025-06-03 12:45:31.130 INFO  [main][UpgradeProcess:97] Upgrading com.liferay.dynamic.data.mapping.form.web.internal.upgrade.v1_0_0.UpgradeDDMFormPortletId
2025-06-03 12:45:31.132 INFO  [main][LoggingTimer:83] Starting com.liferay.portal.kernel.upgrade.BasePortletIdUpgradeProcess#upgradeInstanceablePortletIds
2025-06-03 12:45:31.147 INFO  [main][LoggingTimer:44] Completed com.liferay.portal.kernel.upgrade.BasePortletIdUpgradeProcess#upgradeInstanceablePortletIds in 15 ms
2025-06-03 12:45:31.149 INFO  [main][LoggingTimer:83] Starting com.liferay.portal.kernel.upgrade.BasePortletIdUpgradeProcess#upgradeUninstanceablePortletIds
2025-06-03 12:45:31.150 INFO  [main][LoggingTimer:44] Completed com.liferay.portal.kernel.upgrade.BasePortletIdUpgradeProcess#upgradeUninstanceablePortletIds in 1 ms
2025-06-03 12:45:31.150 INFO  [main][UpgradeProcess:112] Completed upgrade process com.liferay.dynamic.data.mapping.form.web.internal.upgrade.v1_0_0.UpgradeDDMFormPortletId in 21 ms
2025-06-03 12:45:31.160 INFO  [main][UpgradeProcess:97] Upgrading com.liferay.dynamic.data.mapping.form.web.internal.upgrade.v1_0_0.UpgradeDDMFormPortletPreferences
2025-06-03 12:45:31.161 INFO  [main][LoggingTimer:83] Starting com.liferay.portal.kernel.upgrade.BasePortletPreferencesUpgradeProcess#updatePortletPreferences
2025-06-03 12:45:31.169 INFO  [main][LoggingTimer:44] Completed com.liferay.portal.kernel.upgrade.BasePortletPreferencesUpgradeProcess#updatePortletPreferences in 7 ms
2025-06-03 12:45:31.170 INFO  [main][UpgradeProcess:112] Completed upgrade process com.liferay.dynamic.data.mapping.form.web.internal.upgrade.v1_0_0.UpgradeDDMFormPortletPreferences in 10 ms
2025-06-03 12:45:41.198 INFO  [main][UpgradeProcess:97] Upgrading com.liferay.client.extension.web.internal.upgrade.ClientExtensionWebUpgrade$1
2025-06-03 12:45:41.200 INFO  [main][LoggingTimer:83] Starting com.liferay.portal.kernel.upgrade.BasePortletIdUpgradeProcess#upgradeInstanceablePortletIds
2025-06-03 12:45:41.203 INFO  [main][LoggingTimer:44] Completed com.liferay.portal.kernel.upgrade.BasePortletIdUpgradeProcess#upgradeInstanceablePortletIds in 3 ms
2025-06-03 12:45:41.205 INFO  [main][LoggingTimer:83] Starting com.liferay.portal.kernel.upgrade.BasePortletIdUpgradeProcess#upgradeUninstanceablePortletIds
2025-06-03 12:45:41.206 INFO  [main][LoggingTimer:44] Completed com.liferay.portal.kernel.upgrade.BasePortletIdUpgradeProcess#upgradeUninstanceablePortletIds in 2 ms
2025-06-03 12:45:41.208 INFO  [main][UpgradeProcess:112] Completed upgrade process com.liferay.client.extension.web.internal.upgrade.ClientExtensionWebUpgrade$1 in 11 ms
2025-06-03 12:45:41.248 INFO  [main][UpgradeProcess:97] Upgrading com.liferay.client.extension.web.internal.upgrade.ClientExtensionWebUpgrade$2
2025-06-03 12:45:41.250 INFO  [main][UpgradeProcess:112] Completed upgrade process com.liferay.client.extension.web.internal.upgrade.ClientExtensionWebUpgrade$2 in 2 ms
2025-06-03 12:45:41.260 INFO  [main][UpgradeProcess:97] Upgrading com.liferay.client.extension.web.internal.upgrade.ClientExtensionWebUpgrade$3
2025-06-03 12:45:41.262 INFO  [main][LoggingTimer:83] Starting com.liferay.portal.kernel.upgrade.BasePortletIdUpgradeProcess#upgradeInstanceablePortletIds
2025-06-03 12:45:41.288 INFO  [main][LoggingTimer:44] Completed com.liferay.portal.kernel.upgrade.BasePortletIdUpgradeProcess#upgradeInstanceablePortletIds in 27 ms
2025-06-03 12:45:41.290 INFO  [main][LoggingTimer:83] Starting com.liferay.portal.kernel.upgrade.BasePortletIdUpgradeProcess#upgradeUninstanceablePortletIds
2025-06-03 12:45:41.291 INFO  [main][LoggingTimer:44] Completed com.liferay.portal.kernel.upgrade.BasePortletIdUpgradeProcess#upgradeUninstanceablePortletIds in 0 ms
2025-06-03 12:45:41.292 INFO  [main][UpgradeProcess:112] Completed upgrade process com.liferay.client.extension.web.internal.upgrade.ClientExtensionWebUpgrade$3 in 32 ms
2025-06-03 12:45:41.326 INFO  [main][UpgradeProcess:97] Upgrading com.liferay.client.extension.internal.upgrade.ClientExtensionInitialUpgradeStepRegistrator$1
2025-06-03 12:45:41.332 INFO  [main][UpgradeProcess:112] Completed upgrade process com.liferay.client.extension.internal.upgrade.ClientExtensionInitialUpgradeStepRegistrator$1 in 6 ms
2025-06-03 12:45:54.332 INFO  [Portal Dependency Manager Component Executor--1][UpgradeProcess:97] Upgrading com.liferay.segments.content.targeting.upgrade.internal.v1_0_0.ContentTargetingUpgradeProcess
2025-06-03 12:45:54.341 INFO  [Portal Dependency Manager Component Executor--1][UpgradeProcess:112] Completed upgrade process com.liferay.segments.content.targeting.upgrade.internal.v1_0_0.ContentTargetingUpgradeProcess in 8 ms
2025-06-03 12:46:10.381 INFO  [Portal Dependency Manager Component Executor--1][UpgradeProcess:97] Upgrading com.liferay.portal.kernel.upgrade.DummyUpgradeProcess
2025-06-03 12:46:10.382 INFO  [Portal Dependency Manager Component Executor--1][UpgradeProcess:112] Completed upgrade process com.liferay.portal.kernel.upgrade.DummyUpgradeProcess in 1 ms
2025-06-03 12:46:21.743 INFO  [main][VerifyProcess:76] Verifying com.liferay.portal.scheduler.internal.verify.SchedulerHelperPropertiesVerifyProcess
2025-06-03 12:46:21.746 INFO  [main][LoggingTimer:83] Starting com.liferay.portal.scheduler.internal.verify.SchedulerHelperPropertiesVerifyProcess#_upgradeConfiguration
2025-06-03 12:46:21.747 INFO  [main][LoggingTimer:44] Completed com.liferay.portal.scheduler.internal.verify.SchedulerHelperPropertiesVerifyProcess#_upgradeConfiguration in 1 ms
2025-06-03 12:46:21.748 INFO  [main][VerifyProcess:89] Completed verification process com.liferay.portal.scheduler.internal.verify.SchedulerHelperPropertiesVerifyProcess in 5 ms
2025-06-03 12:46:21.761 INFO  [main][VerifyProcess:76] Verifying com.liferay.portal.security.sso.opensso.internal.verify.OpenSSOCompanySettingsVerifyProcess
2025-06-03 12:46:21.763 INFO  [main][LoggingTimer:83] Starting com.liferay.portal.verify.BaseCompanySettingsVerifyProcess#verifyProperties
2025-06-03 12:46:21.768 INFO  [main][BaseCompanySettingsVerifyProcess:124] Removing preference keys [open.sso.last.name.attr, open.sso.auth.enabled, open.sso.ldap.import.enabled, open.sso.email.address.attr, open.sso.service.url, open.sso.first.name.attr, open.sso.login.url, open.sso.logout.url, open.sso.screen.name.attr, open.sso.logout.on.session.expiration] for company 20099
2025-06-03 12:46:21.774 INFO  [main][LoggingTimer:44] Completed com.liferay.portal.verify.BaseCompanySettingsVerifyProcess#verifyProperties in 11 ms
2025-06-03 12:46:21.775 INFO  [main][VerifyProcess:89] Completed verification process com.liferay.portal.security.sso.opensso.internal.verify.OpenSSOCompanySettingsVerifyProcess in 14 ms
2025-06-03 12:46:21.786 INFO  [main][VerifyProcess:76] Verifying com.liferay.portal.security.sso.facebook.connect.internal.verify.FacebookConnectCompanySettingsVerifyProcess
2025-06-03 12:46:21.787 INFO  [main][LoggingTimer:83] Starting com.liferay.portal.verify.BaseCompanySettingsVerifyProcess#verifyProperties
2025-06-03 12:46:21.793 INFO  [main][BaseCompanySettingsVerifyProcess:124] Removing preference keys [facebook.connect.app.secret, facebook.connect.graph.url, facebook.connect.oauth.auth.url, facebook.connect.app.id, facebook.connect.oauth.redirect.url, facebook.connect.oauth.token.url, facebook.auth.enabled, facebook.connect.verified.account.required] for company 20099
2025-06-03 12:46:21.794 INFO  [main][LoggingTimer:44] Completed com.liferay.portal.verify.BaseCompanySettingsVerifyProcess#verifyProperties in 6 ms
2025-06-03 12:46:21.795 INFO  [main][VerifyProcess:89] Completed verification process com.liferay.portal.security.sso.facebook.connect.internal.verify.FacebookConnectCompanySettingsVerifyProcess in 9 ms
2025-06-03 12:46:21.806 INFO  [main][VerifyProcess:76] Verifying com.liferay.exportimport.internal.verify.system.event.SystemEventVerifyProcess
2025-06-03 12:46:21.820 INFO  [main][VerifyProcess:89] Completed verification process com.liferay.exportimport.internal.verify.system.event.SystemEventVerifyProcess in 14 ms
2025-06-03 12:46:21.831 INFO  [main][VerifyProcess:76] Verifying com.liferay.portal.security.ldap.internal.verify.LDAPPropertiesVerifyProcess
2025-06-03 12:46:21.833 INFO  [main][LoggingTimer:83] Starting com.liferay.portal.security.ldap.internal.verify.LDAPPropertiesVerifyProcess#_verifyLDAPProperties
2025-06-03 12:46:21.836 INFO  [main][LoggingTimer:44] Completed com.liferay.portal.security.ldap.internal.verify.LDAPPropertiesVerifyProcess#_verifyLDAPProperties in 4 ms
2025-06-03 12:46:21.837 INFO  [main][VerifyProcess:89] Completed verification process com.liferay.portal.security.ldap.internal.verify.LDAPPropertiesVerifyProcess in 7 ms
2025-06-03 12:46:21.853 INFO  [main][VerifyProcess:76] Verifying com.liferay.portal.security.service.access.policy.internal.verify.SAPServiceVerifyProcess
2025-06-03 12:46:21.855 INFO  [main][LoggingTimer:83] Starting com.liferay.portal.security.service.access.policy.internal.verify.SAPServiceVerifyProcess#_verifyDefaultSAPEntry
2025-06-03 12:46:21.925 INFO  [main][LoggingTimer:44] Completed com.liferay.portal.security.service.access.policy.internal.verify.SAPServiceVerifyProcess#_verifyDefaultSAPEntry in 70 ms
2025-06-03 12:46:21.926 INFO  [main][VerifyProcess:89] Completed verification process com.liferay.portal.security.service.access.policy.internal.verify.SAPServiceVerifyProcess in 76 ms
2025-06-03 12:46:21.940 INFO  [main][VerifyProcess:76] Verifying com.liferay.message.boards.internal.verify.MessageBoardsServiceVerifyProcess
2025-06-03 12:46:21.942 INFO  [main][LoggingTimer:83] Starting com.liferay.message.boards.internal.verify.MessageBoardsServiceVerifyProcess#_verifyGroupedModels
2025-06-03 12:46:21.986 INFO  [ForkJoinPool-1-worker-1][LoggingTimer:83] Starting com.liferay.portal.verify.VerifyGroupedModel#verifyGroupedModel#MBDiscussion
2025-06-03 12:46:21.988 INFO  [ForkJoinPool-1-worker-2][LoggingTimer:83] Starting com.liferay.portal.verify.VerifyGroupedModel#verifyGroupedModel#MBThreadFlag
2025-06-03 12:46:21.988 INFO  [ForkJoinPool-1-worker-1][LoggingTimer:44] Completed com.liferay.portal.verify.VerifyGroupedModel#verifyGroupedModel#MBDiscussion in 3 ms
2025-06-03 12:46:21.989 INFO  [ForkJoinPool-1-worker-2][LoggingTimer:44] Completed com.liferay.portal.verify.VerifyGroupedModel#verifyGroupedModel#MBThreadFlag in 2 ms
2025-06-03 12:46:21.993 INFO  [main][LoggingTimer:44] Completed com.liferay.message.boards.internal.verify.MessageBoardsServiceVerifyProcess#_verifyGroupedModels in 50 ms
2025-06-03 12:46:21.994 INFO  [main][VerifyProcess:89] Completed verification process com.liferay.message.boards.internal.verify.MessageBoardsServiceVerifyProcess in 54 ms
2025-06-03 12:46:36.156 INFO  [main][SystemCheckOSGiCommands:59] System check is enabled. You can run a system check with the command "system:check" in Gogo shell.
2025-06-03 12:46:42.278 INFO  [com.liferay.portal.osgi.web.wab.extender.internal.WabFactory-BundleTrackerOpener][ThemeHotDeployListener:108] 1 theme for dialect-theme is available for use
2025-06-03 12:46:42.780 INFO  [com.liferay.portal.osgi.web.wab.extender.internal.WabFactory-BundleTrackerOpener][ThemeHotDeployListener:108] 1 theme for minium-theme is available for use
2025-06-03 12:46:43.109 INFO  [com.liferay.portal.osgi.web.wab.extender.internal.WabFactory-BundleTrackerOpener][ThemeHotDeployListener:108] 1 theme for admin-theme is available for use
2025-06-03 12:46:43.331 INFO  [com.liferay.portal.osgi.web.wab.extender.internal.WabFactory-BundleTrackerOpener][ThemeHotDeployListener:108] 1 theme for classic-theme is available for use
2025-06-03 12:46:43.551 INFO  [com.liferay.portal.osgi.web.wab.extender.internal.WabFactory-BundleTrackerOpener][ThemeHotDeployListener:108] 1 theme for speedwell-theme is available for use
2025-06-03 12:46:43.759 INFO  [Portal Dependency Manager Component Executor--1][VerifyProcess:76] Verifying com.liferay.commerce.account.internal.verify.CommerceAccountServiceVerifyProcess
2025-06-03 12:46:43.760 INFO  [Portal Dependency Manager Component Executor--1][LoggingTimer:83] Starting com.liferay.commerce.account.internal.verify.CommerceAccountServiceVerifyProcess#_verifyAccountRoles
2025-06-03 12:46:45.185 INFO  [Portal Dependency Manager Component Executor--1][LoggingTimer:44] Completed com.liferay.commerce.account.internal.verify.CommerceAccountServiceVerifyProcess#_verifyAccountRoles in 1425 ms
2025-06-03 12:46:45.189 INFO  [Portal Dependency Manager Component Executor--1][LoggingTimer:83] Starting com.liferay.commerce.account.internal.verify.CommerceAccountServiceVerifyProcess#_verifyAccountGroup
2025-06-03 12:46:45.192 INFO  [Portal Dependency Manager Component Executor--1][LoggingTimer:44] Completed com.liferay.commerce.account.internal.verify.CommerceAccountServiceVerifyProcess#_verifyAccountGroup in 3 ms
2025-06-03 12:46:45.192 INFO  [Portal Dependency Manager Component Executor--1][VerifyProcess:89] Completed verification process com.liferay.commerce.account.internal.verify.CommerceAccountServiceVerifyProcess in 1433 ms
2025-06-03 12:46:56.844 INFO  [Portal Dependency Manager Component Executor--1][VerifyProcess:76] Verifying com.liferay.document.library.internal.verify.DLServiceVerifyProcess
2025-06-03 12:46:56.848 INFO  [Portal Dependency Manager Component Executor--1][LoggingTimer:83] Starting com.liferay.document.library.internal.verify.DLServiceVerifyProcess#_checkDLFileEntryMetadata
2025-06-03 12:46:56.871 INFO  [Portal Dependency Manager Component Executor--1][LoggingTimer:44] Completed com.liferay.document.library.internal.verify.DLServiceVerifyProcess#_checkDLFileEntryMetadata in 18 ms
2025-06-03 12:46:56.878 INFO  [Portal Dependency Manager Component Executor--1][LoggingTimer:83] Starting com.liferay.document.library.internal.verify.DLServiceVerifyProcess#_checkMimeTypes
2025-06-03 12:46:56.910 INFO  [Portal Dependency Manager Component Executor--1][LoggingTimer:44] Completed com.liferay.document.library.internal.verify.DLServiceVerifyProcess#_checkMimeTypes in 32 ms
2025-06-03 12:46:56.912 INFO  [Portal Dependency Manager Component Executor--1][LoggingTimer:83] Starting com.liferay.document.library.internal.verify.DLServiceVerifyProcess#_updateClassNameId
2025-06-03 12:46:56.926 INFO  [Portal Dependency Manager Component Executor--1][LoggingTimer:44] Completed com.liferay.document.library.internal.verify.DLServiceVerifyProcess#_updateClassNameId in 14 ms
2025-06-03 12:46:56.929 INFO  [Portal Dependency Manager Component Executor--1][LoggingTimer:83] Starting com.liferay.document.library.internal.verify.DLServiceVerifyProcess#_updateFileEntryAssets
2025-06-03 12:46:56.947 INFO  [Portal Dependency Manager Component Executor--1][LoggingTimer:44] Completed com.liferay.document.library.internal.verify.DLServiceVerifyProcess#_updateFileEntryAssets in 17 ms
2025-06-03 12:46:56.949 INFO  [Portal Dependency Manager Component Executor--1][LoggingTimer:83] Starting com.liferay.document.library.internal.verify.DLServiceVerifyProcess#_updateFolderAssets
2025-06-03 12:46:57.310 INFO  [Portal Dependency Manager Component Executor--1][LoggingTimer:44] Completed com.liferay.document.library.internal.verify.DLServiceVerifyProcess#_updateFolderAssets in 361 ms
2025-06-03 12:46:57.311 INFO  [Portal Dependency Manager Component Executor--1][VerifyProcess:89] Completed verification process com.liferay.document.library.internal.verify.DLServiceVerifyProcess in 467 ms
2025-06-03 12:47:02.726 INFO  [Portal Dependency Manager Component Executor--1][UpgradeProcess:97] Upgrading com.liferay.message.boards.moderation.internal.upgrade.v1_0_0.MBModerationWorkflowDefinitionUpgradeProcess
2025-06-03 12:47:02.821 INFO  [Portal Dependency Manager Component Executor--1][UpgradeProcess:112] Completed upgrade process com.liferay.message.boards.moderation.internal.upgrade.v1_0_0.MBModerationWorkflowDefinitionUpgradeProcess in 95 ms
2025-06-03 12:47:21.272 INFO  [Portal Dependency Manager Component Executor--1][VerifyProcess:76] Verifying com.liferay.commerce.price.list.internal.verify.CommercePriceListServiceVerifyProcess
2025-06-03 12:47:21.274 INFO  [Portal Dependency Manager Component Executor--1][LoggingTimer:83] Starting com.liferay.commerce.price.list.internal.verify.CommercePriceListServiceVerifyProcess#_verifyBasePriceLists
2025-06-03 12:47:21.544 INFO  [Portal Dependency Manager Component Executor--1][LoggingTimer:44] Completed com.liferay.commerce.price.list.internal.verify.CommercePriceListServiceVerifyProcess#_verifyBasePriceLists in 270 ms
2025-06-03 12:47:21.546 INFO  [Portal Dependency Manager Component Executor--1][VerifyProcess:89] Completed verification process com.liferay.commerce.price.list.internal.verify.CommercePriceListServiceVerifyProcess in 274 ms
2025-06-03 12:47:25.219 INFO  [Portal Dependency Manager Component Executor--1][VerifyProcess:76] Verifying com.liferay.commerce.product.internal.verify.CommerceProductServiceVerifyProcess
2025-06-03 12:47:25.221 INFO  [Portal Dependency Manager Component Executor--1][LoggingTimer:83] Starting com.liferay.commerce.product.internal.verify.CommerceProductServiceVerifyProcess#_verifyCPMeasurementUnits
2025-06-03 12:47:25.308 INFO  [Portal Dependency Manager Component Executor--1][LoggingTimer:44] Completed com.liferay.commerce.product.internal.verify.CommerceProductServiceVerifyProcess#_verifyCPMeasurementUnits in 87 ms
2025-06-03 12:47:25.309 INFO  [Portal Dependency Manager Component Executor--1][VerifyProcess:89] Completed verification process com.liferay.commerce.product.internal.verify.CommerceProductServiceVerifyProcess in 91 ms
2025-06-03 12:47:28.366 INFO  [Portal Dependency Manager Component Executor--1][VerifyProcess:76] Verifying com.liferay.dynamic.data.mapping.verify.DDMServiceVerifyProcess
2025-06-03 12:47:28.368 INFO  [Portal Dependency Manager Component Executor--1][LoggingTimer:83] Starting com.liferay.dynamic.data.mapping.verify.DDMServiceVerifyProcess#verifyStructureLinks
2025-06-03 12:47:28.371 INFO  [Portal Dependency Manager Component Executor--1][LoggingTimer:44] Completed com.liferay.dynamic.data.mapping.verify.DDMServiceVerifyProcess#verifyStructureLinks in 3 ms
2025-06-03 12:47:28.372 INFO  [Portal Dependency Manager Component Executor--1][LoggingTimer:83] Starting com.liferay.dynamic.data.mapping.verify.DDMServiceVerifyProcess#verifyTemplateLinks
2025-06-03 12:47:28.375 INFO  [Portal Dependency Manager Component Executor--1][LoggingTimer:44] Completed com.liferay.dynamic.data.mapping.verify.DDMServiceVerifyProcess#verifyTemplateLinks in 2 ms
2025-06-03 12:47:28.376 INFO  [Portal Dependency Manager Component Executor--1][VerifyProcess:89] Completed verification process com.liferay.dynamic.data.mapping.verify.DDMServiceVerifyProcess in 9 ms
2025-06-03 12:47:28.884 INFO  [Portal Dependency Manager Component Executor--1][UpgradeProcess:97] Upgrading com.liferay.image.upgrade.ImageCompanyIdUpgradeProcess
2025-06-03 12:47:28.899 INFO  [Portal Dependency Manager Component Executor--1][UpgradeProcess:112] Completed upgrade process com.liferay.image.upgrade.ImageCompanyIdUpgradeProcess in 15 ms
2025-06-03 12:47:28.911 INFO  [Portal Dependency Manager Component Executor--1][UpgradeProcess:97] Upgrading com.liferay.image.upgrade.ImageCompanyIdUpgradeProcess
2025-06-03 12:47:28.947 INFO  [Portal Dependency Manager Component Executor--1][UpgradeProcess:112] Completed upgrade process com.liferay.image.upgrade.ImageCompanyIdUpgradeProcess in 36 ms
2025-06-03 12:47:28.955 INFO  [Portal Dependency Manager Component Executor--1][UpgradeProcess:97] Upgrading com.liferay.image.upgrade.ImageCompanyIdUpgradeProcess
2025-06-03 12:47:28.964 INFO  [Portal Dependency Manager Component Executor--1][UpgradeProcess:112] Completed upgrade process com.liferay.image.upgrade.ImageCompanyIdUpgradeProcess in 10 ms
2025-06-03 12:47:28.971 INFO  [Portal Dependency Manager Component Executor--1][UpgradeProcess:97] Upgrading com.liferay.image.upgrade.ImageCompanyIdUpgradeProcess
2025-06-03 12:47:28.985 INFO  [Portal Dependency Manager Component Executor--1][UpgradeProcess:112] Completed upgrade process com.liferay.image.upgrade.ImageCompanyIdUpgradeProcess in 14 ms
2025-06-03 12:47:28.991 INFO  [Portal Dependency Manager Component Executor--1][UpgradeProcess:97] Upgrading com.liferay.image.upgrade.ImageCompanyIdUpgradeProcess
2025-06-03 12:47:29.003 INFO  [Portal Dependency Manager Component Executor--1][UpgradeProcess:112] Completed upgrade process com.liferay.image.upgrade.ImageCompanyIdUpgradeProcess in 12 ms
2025-06-03 12:47:29.011 INFO  [Portal Dependency Manager Component Executor--1][UpgradeProcess:97] Upgrading com.liferay.image.upgrade.ImageCompanyIdUpgradeProcess
2025-06-03 12:47:29.013 INFO  [Portal Dependency Manager Component Executor--1][UpgradeProcess:112] Completed upgrade process com.liferay.image.upgrade.ImageCompanyIdUpgradeProcess in 3 ms
2025-06-03 12:47:29.020 INFO  [Portal Dependency Manager Component Executor--1][UpgradeProcess:97] Upgrading com.liferay.image.internal.upgrade.v1_0_0.ImageStorageUpgradeProcess
2025-06-03 12:47:29.026 INFO  [Portal Dependency Manager Component Executor--1][UpgradeProcess:112] Completed upgrade process com.liferay.image.internal.upgrade.v1_0_0.ImageStorageUpgradeProcess in 6 ms
2025-06-03 12:47:37.138 INFO  [Portal Dependency Manager Component Executor--1][UpgradeProcess:97] Upgrading com.liferay.image.upgrade.ImageCompanyIdUpgradeProcess
2025-06-03 12:47:37.147 INFO  [Portal Dependency Manager Component Executor--1][UpgradeProcess:112] Completed upgrade process com.liferay.image.upgrade.ImageCompanyIdUpgradeProcess in 9 ms
2025-06-03 12:47:37.158 INFO  [Portal Dependency Manager Component Executor--1][UpgradeProcess:97] Upgrading com.liferay.image.upgrade.ImageCompanyIdUpgradeProcess
2025-06-03 12:47:37.165 INFO  [Portal Dependency Manager Component Executor--1][UpgradeProcess:112] Completed upgrade process com.liferay.image.upgrade.ImageCompanyIdUpgradeProcess in 7 ms
2025-06-03 12:47:38.297 INFO  [Portal Dependency Manager Component Executor--1][UpgradeProcess:97] Upgrading com.liferay.adaptive.media.document.library.thumbnails.internal.upgrade.v1_0_0.DocumentLibraryThumbnailsConfigurationUpgradeProcess
2025-06-03 12:47:38.298 INFO  [Portal Dependency Manager Component Executor--1][LoggingTimer:83] Starting com.liferay.adaptive.media.document.library.thumbnails.internal.upgrade.v1_0_0.DocumentLibraryThumbnailsConfigurationUpgradeProcess#doUpgrade
2025-06-03 12:47:38.359 INFO  [Portal Dependency Manager Component Executor--1][LoggingTimer:44] Completed com.liferay.adaptive.media.document.library.thumbnails.internal.upgrade.v1_0_0.DocumentLibraryThumbnailsConfigurationUpgradeProcess#doUpgrade in 60 ms
2025-06-03 12:47:38.360 INFO  [Portal Dependency Manager Component Executor--1][UpgradeProcess:112] Completed upgrade process com.liferay.adaptive.media.document.library.thumbnails.internal.upgrade.v1_0_0.DocumentLibraryThumbnailsConfigurationUpgradeProcess in 64 ms
